<?xml version="1.0" encoding="UTF-8"?>
<!-- Generated by org.testng.reporters.JUnitReportReporter -->
<testsuite hostname="APPU-PC" failures="0" tests="1" name="TestCase.InventoyPageTest" time="6.490" errors="0" timestamp="2023-01-09T14:13:06 IST" skipped="0">
  <testcase classname="TestCase.InventoyPageTest" name="VerifyCurrentTitleTest" time="6.490"/>
</testsuite> <!-- TestCase.InventoyPageTest -->
