<?xml version="1.0" encoding="UTF-8"?>
<!-- Generated by org.testng.reporters.JUnitReportReporter -->
<testsuite hostname="APPU-PC" failures="0" tests="2" name="TestCase.LoginPageTest" time="7.148" errors="0" timestamp="2023-01-09T14:13:06 IST" skipped="0">
  <testcase classname="TestCase.LoginPageTest" name="VerifyCurrentUrl" time="3.682"/>
  <testcase classname="TestCase.LoginPageTest" name="VerifyTileTest" time="3.466"/>
</testsuite> <!-- TestCase.LoginPageTest -->
