<?xml version="1.0" encoding="UTF-8"?>
<!-- Generated by org.testng.reporters.JUnitReportReporter -->
<testsuite hostname="APPU-PC" failures="0" tests="2" name="TestCase.Checkout2Test" time="59.933" errors="0" timestamp="2023-01-09T14:04:26 IST" skipped="0">
  <testcase classname="TestCase.Checkout2Test" name="verifyCurrentUrlTest" time="40.726"/>
  <testcase classname="TestCase.Checkout2Test" name="VerifyFinish" time="19.207"/>
</testsuite> <!-- TestCase.Checkout2Test -->
