<?xml version="1.0" encoding="UTF-8"?>
<!-- Generated by org.testng.reporters.JUnitReportReporter -->
<testsuite hostname="APPU-PC" failures="0" tests="2" name="TestCase.CartPageTest" time="25.564" errors="0" timestamp="2023-01-09T14:04:26 IST" skipped="0">
  <testcase classname="TestCase.CartPageTest" name="verifyUrl" time="8.252"/>
  <testcase classname="TestCase.CartPageTest" name="CartCountTest" time="17.312"/>
</testsuite> <!-- TestCase.CartPageTest -->
