<?xml version="1.0" encoding="UTF-8"?>
<!-- Generated by org.testng.reporters.JUnitReportReporter -->
<testsuite hostname="APPU-PC" failures="0" tests="2" name="TestCase.CheckoutTest" time="45.613" errors="0" timestamp="2023-01-09T14:04:26 IST" skipped="0">
  <testcase classname="TestCase.CheckoutTest" name="VerifyCheckoutInfoTest" time="31.830"/>
  <testcase classname="TestCase.CheckoutTest" name="VerifyUrlTest" time="13.783"/>
</testsuite> <!-- TestCase.CheckoutTest -->
